This file contains any messages produced by compilers while
running configure, to aid debugging if configure makes a mistake.

It was created by configure, which was
generated by GNU Autoconf 2.63.  Invocation command line was

  $ ./configure --disable-shared --enable-static

## --------- ##
## Platform. ##
## --------- ##

hostname = myhost
uname -m = i686
uname -r = 2.6.34-ARCH
uname -s = Linux
uname -v = #1 SMP PREEMPT Wed Aug 4 14:27:43 CEST 2010

/usr/bin/uname -p = unknown
/bin/uname -X     = unknown

/bin/arch              = i686
/usr/bin/arch -k       = unknown
/usr/convex/getsysinfo = unknown
/usr/bin/hostinfo      = unknown
/bin/machine           = unknown
/usr/bin/oslevel       = unknown
/bin/universe          = unknown

PATH: /bin
PATH: /usr/bin
PATH: /sbin
PATH: /usr/sbin
PATH: /opt/java/jre/bin
PATH: /opt/java/jre/bin
PATH: /usr/lib/perl5/vendor_perl/bin
PATH: /usr/lib/perl5/core_perl/bin
PATH: /home/smaniam/bin
PATH: /usr/bin


## ----------- ##
## Core tests. ##
## ----------- ##

configure:2129: checking build system type
configure:2147: result: i686-pc-linux-gnu
configure:2169: checking host system type
configure:2184: result: i686-pc-linux-gnu
configure:2206: checking target system type
configure:2221: result: i686-pc-linux-gnu
configure:2281: checking for a BSD-compatible install
configure:2349: result: /bin/install -c
configure:2364: checking for -p flag to install
configure:2377: result: yes
configure:2388: checking whether build environment is sane
configure:2431: result: yes
configure:2446: checking for a thread-safe mkdir -p
configure:2485: result: /bin/mkdir -p
configure:2498: checking for gawk
configure:2514: found /bin/gawk
configure:2525: result: gawk
configure:2536: checking whether make sets $(MAKE)
configure:2558: result: yes
configure:2790: checking for style of include used by make
configure:2818: result: GNU
configure:2965: checking for gcc
configure:2981: found /usr/bin/gcc
configure:2992: result: gcc
configure:3224: checking for C compiler version
configure:3232: gcc --version >&5
gcc (GCC) 4.5.1
Copyright (C) 2010 Free Software Foundation, Inc.
This is free software; see the source for copying conditions.  There is NO
warranty; not even for MERCHANTABILITY or FITNESS FOR A PARTICULAR PURPOSE.

configure:3236: $? = 0
configure:3243: gcc -v >&5
Using built-in specs.
COLLECT_GCC=gcc
COLLECT_LTO_WRAPPER=/usr/lib/gcc/i686-pc-linux-gnu/4.5.1/lto-wrapper
Target: i686-pc-linux-gnu
Configured with: ../configure --prefix=/usr --enable-languages=c,c++,fortran,objc,obj-c++,ada --enable-shared --enable-threads=posix --enable-__cxa_atexit --enable-clocale=gnu --enable-gnu-unique-object --enable-lto --enable-plugin --disable-multilib --disable-libstdcxx-pch --with-system-zlib --with-ppl --with-cloog --libdir=/usr/lib --libexecdir=/usr/lib --mandir=/usr/share/man --infodir=/usr/share/info
Thread model: posix
gcc version 4.5.1 (GCC) 
configure:3247: $? = 0
configure:3254: gcc -V >&5
gcc: '-V' option must have argument
configure:3258: $? = 1
configure:3281: checking for C compiler default output file name
configure:3303: gcc     conftest.c  >&5
configure:3307: $? = 0
configure:3345: result: a.out
configure:3364: checking whether the C compiler works
configure:3374: ./a.out
configure:3378: $? = 0
configure:3397: result: yes
configure:3404: checking whether we are cross compiling
configure:3406: result: no
configure:3409: checking for suffix of executables
configure:3416: gcc -o conftest     conftest.c  >&5
configure:3420: $? = 0
configure:3446: result: 
configure:3452: checking for suffix of object files
configure:3478: gcc -c    conftest.c >&5
configure:3482: $? = 0
configure:3507: result: o
configure:3511: checking whether we are using the GNU C compiler
configure:3540: gcc -c    conftest.c >&5
configure:3547: $? = 0
configure:3564: result: yes
configure:3573: checking whether gcc accepts -g
configure:3603: gcc -c -g  conftest.c >&5
configure:3610: $? = 0
configure:3711: result: yes
configure:3728: checking for gcc option to accept ISO C89
configure:3802: gcc  -c    conftest.c >&5
configure:3809: $? = 0
configure:3832: result: none needed
configure:3852: checking dependency style of gcc
configure:3943: result: gcc3
configure:3964: checking how to run the C preprocessor
configure:4004: gcc -E  conftest.c
configure:4011: $? = 0
configure:4042: gcc -E  conftest.c
conftest.c:10:28: fatal error: ac_nonexistent.h: No such file or directory
compilation terminated.
configure:4049: $? = 1
configure: failed program was:
| /* confdefs.h.  */
| #define PACKAGE_NAME ""
| #define PACKAGE_TARNAME ""
| #define PACKAGE_VERSION ""
| #define PACKAGE_STRING ""
| #define PACKAGE_BUGREPORT ""
| #define PACKAGE "taglib"
| #define VERSION "1.6.3"
| /* end confdefs.h.  */
| #include <ac_nonexistent.h>
configure:4082: result: gcc -E
configure:4111: gcc -E  conftest.c
configure:4118: $? = 0
configure:4149: gcc -E  conftest.c
conftest.c:10:28: fatal error: ac_nonexistent.h: No such file or directory
compilation terminated.
configure:4156: $? = 1
configure: failed program was:
| /* confdefs.h.  */
| #define PACKAGE_NAME ""
| #define PACKAGE_TARNAME ""
| #define PACKAGE_VERSION ""
| #define PACKAGE_STRING ""
| #define PACKAGE_BUGREPORT ""
| #define PACKAGE "taglib"
| #define VERSION "1.6.3"
| /* end confdefs.h.  */
| #include <ac_nonexistent.h>
configure:4282: checking for g++
configure:4298: found /usr/bin/g++
configure:4309: result: g++
configure:4336: checking for C++ compiler version
configure:4344: g++ --version >&5
g++ (GCC) 4.5.1
Copyright (C) 2010 Free Software Foundation, Inc.
This is free software; see the source for copying conditions.  There is NO
warranty; not even for MERCHANTABILITY or FITNESS FOR A PARTICULAR PURPOSE.

configure:4348: $? = 0
configure:4355: g++ -v >&5
Using built-in specs.
COLLECT_GCC=g++
COLLECT_LTO_WRAPPER=/usr/lib/gcc/i686-pc-linux-gnu/4.5.1/lto-wrapper
Target: i686-pc-linux-gnu
Configured with: ../configure --prefix=/usr --enable-languages=c,c++,fortran,objc,obj-c++,ada --enable-shared --enable-threads=posix --enable-__cxa_atexit --enable-clocale=gnu --enable-gnu-unique-object --enable-lto --enable-plugin --disable-multilib --disable-libstdcxx-pch --with-system-zlib --with-ppl --with-cloog --libdir=/usr/lib --libexecdir=/usr/lib --mandir=/usr/share/man --infodir=/usr/share/info
Thread model: posix
gcc version 4.5.1 (GCC) 
configure:4359: $? = 0
configure:4366: g++ -V >&5
g++: '-V' option must have argument
configure:4370: $? = 1
configure:4373: checking whether we are using the GNU C++ compiler
configure:4402: g++ -c    conftest.cpp >&5
configure:4409: $? = 0
configure:4426: result: yes
configure:4435: checking whether g++ accepts -g
configure:4465: g++ -c -g  conftest.cpp >&5
configure:4472: $? = 0
configure:4573: result: yes
configure:4598: checking dependency style of g++
configure:4689: result: gcc3
configure:4706: checking whether gcc is blacklisted
configure:4737: gcc -c -O2    conftest.c >&5
configure:4744: $? = 0
configure:4760: result: no
configure:5100: checking whether g++ supports -Wmissing-format-attribute
configure:5140: rm -rf SunWS_cache; g++ -o conftest -ansi -D_XOPEN_SOURCE=500 -D_BSD_SOURCE -Wcast-align -Wchar-subscripts -Wall -W -Wpointer-arith -O2   -Wmissing-format-attribute   conftest.cpp  1>&5
configure:5147: $? = 0
configure:5177: result: yes
configure:5189: checking whether gcc supports -Wmissing-format-attribute
configure:5226: gcc -o conftest -std=iso9899:1990 -W -Wall -Wchar-subscripts -Wshadow -Wpointer-arith -Wmissing-prototypes -Wwrite-strings -D_XOPEN_SOURCE=500 -D_BSD_SOURCE -O2   -Wmissing-format-attribute   conftest.c  >&5
configure:5233: $? = 0
configure:5263: result: yes
configure:5277: checking whether g++ supports -Wundef
configure:5317: rm -rf SunWS_cache; g++ -o conftest -ansi -D_XOPEN_SOURCE=500 -D_BSD_SOURCE -Wcast-align -Wchar-subscripts -Wall -W -Wpointer-arith -O2   -Wformat-security -Wmissing-format-attribute -Wundef   conftest.cpp  1>&5
configure:5324: $? = 0
configure:5354: result: yes
configure:5366: checking whether g++ supports -Wno-long-long
configure:5406: rm -rf SunWS_cache; g++ -o conftest -Wundef -ansi -D_XOPEN_SOURCE=500 -D_BSD_SOURCE -Wcast-align -Wchar-subscripts -Wall -W -Wpointer-arith -O2   -Wformat-security -Wmissing-format-attribute -Wno-long-long   conftest.cpp  1>&5
configure:5413: $? = 0
configure:5443: result: yes
configure:5455: checking whether g++ supports -Wno-non-virtual-dtor
configure:5495: rm -rf SunWS_cache; g++ -o conftest -Wno-long-long -Wundef -ansi -D_XOPEN_SOURCE=500 -D_BSD_SOURCE -Wcast-align -Wchar-subscripts -Wall -W -Wpointer-arith -O2   -Wformat-security -Wmissing-format-attribute -Wno-non-virtual-dtor   conftest.cpp  1>&5
configure:5502: $? = 0
configure:5532: result: yes
configure:5564: checking whether g++ supports -fno-reorder-blocks
configure:5604: rm -rf SunWS_cache; g++ -o conftest -Wno-long-long -Wundef -ansi -D_XOPEN_SOURCE=500 -D_BSD_SOURCE -Wcast-align -Wchar-subscripts -Wall -W -Wpointer-arith -O2   -Wformat-security -Wmissing-format-attribute -Wno-non-virtual-dtor -fno-reorder-blocks   conftest.cpp  1>&5
configure:5611: $? = 0
configure:5641: result: yes
configure:5659: checking whether g++ supports -fno-exceptions
configure:5699: rm -rf SunWS_cache; g++ -o conftest -Wno-long-long -Wundef -ansi -D_XOPEN_SOURCE=500 -D_BSD_SOURCE -Wcast-align -Wchar-subscripts -Wall -W -Wpointer-arith -O2   -Wformat-security -Wmissing-format-attribute -Wno-non-virtual-dtor -fno-exceptions   conftest.cpp  1>&5
configure:5706: $? = 0
configure:5736: result: yes
configure:5748: checking whether g++ supports -fno-check-new
configure:5788: rm -rf SunWS_cache; g++ -o conftest -Wno-long-long -Wundef -ansi -D_XOPEN_SOURCE=500 -D_BSD_SOURCE -Wcast-align -Wchar-subscripts -Wall -W -Wpointer-arith -O2   -Wformat-security -Wmissing-format-attribute -Wno-non-virtual-dtor -fno-exceptions -fno-check-new   conftest.cpp  1>&5
configure:5795: $? = 0
configure:5825: result: yes
configure:5837: checking whether g++ supports -fno-common
configure:5877: rm -rf SunWS_cache; g++ -o conftest -Wno-long-long -Wundef -ansi -D_XOPEN_SOURCE=500 -D_BSD_SOURCE -Wcast-align -Wchar-subscripts -Wall -W -Wpointer-arith -O2   -Wformat-security -Wmissing-format-attribute -Wno-non-virtual-dtor -fno-exceptions -fno-check-new -fno-common   conftest.cpp  1>&5
configure:5884: $? = 0
configure:5914: result: yes
configure:5926: checking whether g++ supports -fexceptions
configure:5966: rm -rf SunWS_cache; g++ -o conftest -Wno-long-long -Wundef -ansi -D_XOPEN_SOURCE=500 -D_BSD_SOURCE -Wcast-align -Wchar-subscripts -Wall -W -Wpointer-arith -O2   -Wformat-security -Wmissing-format-attribute -Wno-non-virtual-dtor -fno-exceptions -fno-check-new -fno-common -fexceptions   conftest.cpp  1>&5
configure:5973: $? = 0
configure:6003: result: yes
configure:6046: checking whether system headers can cope with -O2 -fno-inline
configure:6116: result: irrelevant
configure:6776: checking how to run the C++ preprocessor
configure:6812: g++ -E  conftest.cpp
configure:6819: $? = 0
configure:6850: g++ -E  conftest.cpp
conftest.cpp:10:28: fatal error: ac_nonexistent.h: No such file or directory
compilation terminated.
configure:6857: $? = 1
configure: failed program was:
| /* confdefs.h.  */
| #define PACKAGE_NAME ""
| #define PACKAGE_TARNAME ""
| #define PACKAGE_VERSION ""
| #define PACKAGE_STRING ""
| #define PACKAGE_BUGREPORT ""
| #define PACKAGE "taglib"
| #define VERSION "1.6.3"
| /* end confdefs.h.  */
| #include <ac_nonexistent.h>
configure:6890: result: g++ -E
configure:6919: g++ -E  conftest.cpp
configure:6926: $? = 0
configure:6957: g++ -E  conftest.cpp
conftest.cpp:10:28: fatal error: ac_nonexistent.h: No such file or directory
compilation terminated.
configure:6964: $? = 1
configure: failed program was:
| /* confdefs.h.  */
| #define PACKAGE_NAME ""
| #define PACKAGE_TARNAME ""
| #define PACKAGE_VERSION ""
| #define PACKAGE_STRING ""
| #define PACKAGE_BUGREPORT ""
| #define PACKAGE "taglib"
| #define VERSION "1.6.3"
| /* end confdefs.h.  */
| #include <ac_nonexistent.h>
configure:7008: checking whether g++ supports -O0
configure:7048: rm -rf SunWS_cache; g++ -o conftest -Wno-long-long -Wundef -ansi -D_XOPEN_SOURCE=500 -D_BSD_SOURCE -Wcast-align -Wchar-subscripts -Wall -W -Wpointer-arith -O2 -Wformat-security -Wmissing-format-attribute -Wno-non-virtual-dtor -fno-exceptions -fno-check-new -fno-common -O0   conftest.cpp  1>&5
configure:7055: $? = 0
configure:7085: result: yes
configure:7358: checking whether g++ supports -Wl,--no-undefined
configure:7398: rm -rf SunWS_cache; g++ -o conftest -Wno-long-long -Wundef -ansi -D_XOPEN_SOURCE=500 -D_BSD_SOURCE -Wcast-align -Wchar-subscripts -Wall -W -Wpointer-arith -O2 -Wformat-security -Wmissing-format-attribute -Wno-non-virtual-dtor -fno-exceptions -fno-check-new -fno-common -Wl,--no-undefined   conftest.cpp  1>&5
configure:7405: $? = 0
configure:7435: result: yes
configure:7439: checking whether g++ supports -Wl,--allow-shlib-undefined
configure:7479: rm -rf SunWS_cache; g++ -o conftest -Wno-long-long -Wundef -ansi -D_XOPEN_SOURCE=500 -D_BSD_SOURCE -Wcast-align -Wchar-subscripts -Wall -W -Wpointer-arith -O2 -Wformat-security -Wmissing-format-attribute -Wno-non-virtual-dtor -fno-exceptions -fno-check-new -fno-common -Wl,--allow-shlib-undefined   conftest.cpp  1>&5
configure:7486: $? = 0
configure:7516: result: yes
configure:7645: result: not using lib directory suffix
configure:7690: checking for a sed that does not truncate output
configure:7744: result: /bin/sed
configure:7747: checking for grep that handles long lines and -e
configure:7807: result: /bin/grep
configure:7812: checking for egrep
configure:7876: result: /bin/grep -E
configure:7892: checking for ld used by gcc
configure:7959: result: /usr/bin/ld
configure:7968: checking if the linker (/usr/bin/ld) is GNU ld
configure:7983: result: yes
configure:7988: checking for /usr/bin/ld option to reload object files
configure:7995: result: -r
configure:8004: checking for BSD-compatible nm
configure:8046: result: /usr/bin/nm -B
configure:8050: checking whether ln -s works
configure:8054: result: yes
configure:8061: checking how to recognise dependent libraries
configure:8268: result: pass_all
configure:8478: checking for ANSI C header files
configure:8508: gcc -c -std=iso9899:1990 -W -Wall -Wchar-subscripts -Wshadow -Wpointer-arith -Wmissing-prototypes -Wwrite-strings -D_XOPEN_SOURCE=500 -D_BSD_SOURCE -O2   -Wformat-security -Wmissing-format-attribute  conftest.c >&5
configure:8515: $? = 0
configure:8614: gcc -o conftest -std=iso9899:1990 -W -Wall -Wchar-subscripts -Wshadow -Wpointer-arith -Wmissing-prototypes -Wwrite-strings -D_XOPEN_SOURCE=500 -D_BSD_SOURCE -O2   -Wformat-security -Wmissing-format-attribute   conftest.c  >&5
configure:8618: $? = 0
configure:8624: ./conftest
configure:8628: $? = 0
configure:8646: result: yes
configure:8670: checking for sys/types.h
configure:8691: gcc -c -std=iso9899:1990 -W -Wall -Wchar-subscripts -Wshadow -Wpointer-arith -Wmissing-prototypes -Wwrite-strings -D_XOPEN_SOURCE=500 -D_BSD_SOURCE -O2   -Wformat-security -Wmissing-format-attribute  conftest.c >&5
configure:8698: $? = 0
configure:8715: result: yes
configure:8670: checking for sys/stat.h
configure:8691: gcc -c -std=iso9899:1990 -W -Wall -Wchar-subscripts -Wshadow -Wpointer-arith -Wmissing-prototypes -Wwrite-strings -D_XOPEN_SOURCE=500 -D_BSD_SOURCE -O2   -Wformat-security -Wmissing-format-attribute  conftest.c >&5
configure:8698: $? = 0
configure:8715: result: yes
configure:8670: checking for stdlib.h
configure:8691: gcc -c -std=iso9899:1990 -W -Wall -Wchar-subscripts -Wshadow -Wpointer-arith -Wmissing-prototypes -Wwrite-strings -D_XOPEN_SOURCE=500 -D_BSD_SOURCE -O2   -Wformat-security -Wmissing-format-attribute  conftest.c >&5
configure:8698: $? = 0
configure:8715: result: yes
configure:8670: checking for string.h
configure:8691: gcc -c -std=iso9899:1990 -W -Wall -Wchar-subscripts -Wshadow -Wpointer-arith -Wmissing-prototypes -Wwrite-strings -D_XOPEN_SOURCE=500 -D_BSD_SOURCE -O2   -Wformat-security -Wmissing-format-attribute  conftest.c >&5
configure:8698: $? = 0
configure:8715: result: yes
configure:8670: checking for memory.h
configure:8691: gcc -c -std=iso9899:1990 -W -Wall -Wchar-subscripts -Wshadow -Wpointer-arith -Wmissing-prototypes -Wwrite-strings -D_XOPEN_SOURCE=500 -D_BSD_SOURCE -O2   -Wformat-security -Wmissing-format-attribute  conftest.c >&5
configure:8698: $? = 0
configure:8715: result: yes
configure:8670: checking for strings.h
configure:8691: gcc -c -std=iso9899:1990 -W -Wall -Wchar-subscripts -Wshadow -Wpointer-arith -Wmissing-prototypes -Wwrite-strings -D_XOPEN_SOURCE=500 -D_BSD_SOURCE -O2   -Wformat-security -Wmissing-format-attribute  conftest.c >&5
configure:8698: $? = 0
configure:8715: result: yes
configure:8670: checking for inttypes.h
configure:8691: gcc -c -std=iso9899:1990 -W -Wall -Wchar-subscripts -Wshadow -Wpointer-arith -Wmissing-prototypes -Wwrite-strings -D_XOPEN_SOURCE=500 -D_BSD_SOURCE -O2   -Wformat-security -Wmissing-format-attribute  conftest.c >&5
configure:8698: $? = 0
configure:8715: result: yes
configure:8670: checking for stdint.h
configure:8691: gcc -c -std=iso9899:1990 -W -Wall -Wchar-subscripts -Wshadow -Wpointer-arith -Wmissing-prototypes -Wwrite-strings -D_XOPEN_SOURCE=500 -D_BSD_SOURCE -O2   -Wformat-security -Wmissing-format-attribute  conftest.c >&5
configure:8698: $? = 0
configure:8715: result: yes
configure:8670: checking for unistd.h
configure:8691: gcc -c -std=iso9899:1990 -W -Wall -Wchar-subscripts -Wshadow -Wpointer-arith -Wmissing-prototypes -Wwrite-strings -D_XOPEN_SOURCE=500 -D_BSD_SOURCE -O2   -Wformat-security -Wmissing-format-attribute  conftest.c >&5
configure:8698: $? = 0
configure:8715: result: yes
configure:8745: checking dlfcn.h usability
configure:8762: gcc -c -std=iso9899:1990 -W -Wall -Wchar-subscripts -Wshadow -Wpointer-arith -Wmissing-prototypes -Wwrite-strings -D_XOPEN_SOURCE=500 -D_BSD_SOURCE -O2   -Wformat-security -Wmissing-format-attribute  conftest.c >&5
configure:8769: $? = 0
configure:8783: result: yes
configure:8787: checking dlfcn.h presence
configure:8802: gcc -E  conftest.c
configure:8809: $? = 0
configure:8823: result: yes
configure:8851: checking for dlfcn.h
configure:8860: result: yes
configure:8928: checking for g77
configure:8958: result: no
configure:8928: checking for xlf
configure:8958: result: no
configure:8928: checking for f77
configure:8958: result: no
configure:8928: checking for frt
configure:8958: result: no
configure:8928: checking for pgf77
configure:8958: result: no
configure:8928: checking for cf77
configure:8958: result: no
configure:8928: checking for fort77
configure:8958: result: no
configure:8928: checking for fl32
configure:8958: result: no
configure:8928: checking for af77
configure:8958: result: no
configure:8928: checking for xlf90
configure:8958: result: no
configure:8928: checking for f90
configure:8958: result: no
configure:8928: checking for pgf90
configure:8958: result: no
configure:8928: checking for pghpf
configure:8958: result: no
configure:8928: checking for epcf90
configure:8958: result: no
configure:8928: checking for gfortran
configure:8958: result: no
configure:8928: checking for g95
configure:8958: result: no
configure:8928: checking for xlf95
configure:8958: result: no
configure:8928: checking for f95
configure:8958: result: no
configure:8928: checking for fort
configure:8958: result: no
configure:8928: checking for ifort
configure:8958: result: no
configure:8928: checking for ifc
configure:8958: result: no
configure:8928: checking for efc
configure:8958: result: no
configure:8928: checking for pgf95
configure:8958: result: no
configure:8928: checking for lf95
configure:8958: result: no
configure:8928: checking for ftn
configure:8958: result: no
configure:8981: checking for Fortran 77 compiler version
configure:8989:  --version >&5
./configure: line 8991: --version: command not found
configure:8993: $? = 127
configure:9000:  -v >&5
./configure: line 9002: -v: command not found
configure:9004: $? = 127
configure:9011:  -V >&5
./configure: line 9013: -V: command not found
configure:9015: $? = 127
configure:9023: checking whether we are using the GNU Fortran 77 compiler
configure:9042:  -c  conftest.F >&5
./configure: line 9044: -c: command not found
configure:9049: $? = 127
configure: failed program was:
|       program main
| #ifndef __GNUC__
|        choke me
| #endif
| 
|       end
configure:9066: result: no
configure:9072: checking whether  accepts -g
configure:9089:  -c -g conftest.f >&5
./configure: line 9091: -c: command not found
configure:9096: $? = 127
configure: failed program was:
|       program main
| 
|       end
configure:9112: result: no
configure:9146: checking the maximum length of command line arguments
configure:9205: result: 32768
configure:9216: checking command to parse /usr/bin/nm -B output from gcc object
configure:9305: gcc -c -std=iso9899:1990 -W -Wall -Wchar-subscripts -Wshadow -Wpointer-arith -Wmissing-prototypes -Wwrite-strings -D_XOPEN_SOURCE=500 -D_BSD_SOURCE -O2   -Wformat-security -Wmissing-format-attribute  conftest.c >&5
conftest.c:5:6: warning: no previous prototype for 'nm_test_func'
configure:9308: $? = 0
configure:9312: /usr/bin/nm -B conftest.o \| sed -n -e 's/^.*[ 	]\([ABCDGISTW][ABCDGISTW]*\)[ 	][ 	]*\(\)\([_A-Za-z][_A-Za-z0-9]*\)$/\1 \2\3 \3/p' \> conftest.nm
configure:9315: $? = 0
configure:9367: gcc -o conftest -std=iso9899:1990 -W -Wall -Wchar-subscripts -Wshadow -Wpointer-arith -Wmissing-prototypes -Wwrite-strings -D_XOPEN_SOURCE=500 -D_BSD_SOURCE -O2   -Wformat-security -Wmissing-format-attribute   conftest.c conftstm.o >&5
configure:9370: $? = 0
configure:9408: result: ok
configure:9412: checking for objdir
configure:9427: result: .libs
configure:9519: checking for ar
configure:9535: found /usr/bin/ar
configure:9546: result: ar
configure:9611: checking for ranlib
configure:9627: found /usr/bin/ranlib
configure:9638: result: ranlib
configure:9703: checking for strip
configure:9719: found /usr/bin/strip
configure:9730: result: strip
configure:10002: checking if gcc static flag  works
configure:10025: result: yes
configure:10047: checking if gcc supports -fno-rtti -fno-exceptions
configure:10065: gcc -c -std=iso9899:1990 -W -Wall -Wchar-subscripts -Wshadow -Wpointer-arith -Wmissing-prototypes -Wwrite-strings -D_XOPEN_SOURCE=500 -D_BSD_SOURCE -O2   -Wformat-security -Wmissing-format-attribute  -fno-rtti -fno-exceptions conftest.c >&5
cc1: warning: command line option "-fno-rtti" is valid for C++/ObjC++ but not for C
configure:10069: $? = 0
configure:10080: result: no
configure:10095: checking for gcc option to produce PIC
configure:10272: result: -fPIC
configure:10280: checking if gcc PIC flag -fPIC works
configure:10298: gcc -c -std=iso9899:1990 -W -Wall -Wchar-subscripts -Wshadow -Wpointer-arith -Wmissing-prototypes -Wwrite-strings -D_XOPEN_SOURCE=500 -D_BSD_SOURCE -O2   -Wformat-security -Wmissing-format-attribute  -fPIC -DPIC conftest.c >&5
configure:10302: $? = 0
configure:10313: result: yes
configure:10337: checking if gcc supports -c -o file.o
configure:10365: gcc -c -std=iso9899:1990 -W -Wall -Wchar-subscripts -Wshadow -Wpointer-arith -Wmissing-prototypes -Wwrite-strings -D_XOPEN_SOURCE=500 -D_BSD_SOURCE -O2   -Wformat-security -Wmissing-format-attribute  -o out/conftest2.o conftest.c >&5
configure:10369: $? = 0
configure:10386: result: yes
configure:10412: checking whether the gcc linker (/usr/bin/ld) supports shared libraries
configure:11228: result: yes
configure:11299: checking dynamic linker characteristics
configure:11817: result: GNU/Linux ld.so
configure:11821: checking how to hardcode library paths into programs
configure:11846: result: immediate
configure:11860: checking whether stripping libraries is possible
configure:11865: result: yes
configure:11992: checking for shl_load
configure:12048: gcc -o conftest -std=iso9899:1990 -W -Wall -Wchar-subscripts -Wshadow -Wpointer-arith -Wmissing-prototypes -Wwrite-strings -D_XOPEN_SOURCE=500 -D_BSD_SOURCE -O2   -Wformat-security -Wmissing-format-attribute   conftest.c  >&5
/tmp/ccVU6Jov.o: In function `main':
conftest.c:(.text+0x7): undefined reference to `shl_load'
collect2: ld returned 1 exit status
configure:12055: $? = 1
configure: failed program was:
| /* confdefs.h.  */
| #define PACKAGE_NAME ""
| #define PACKAGE_TARNAME ""
| #define PACKAGE_VERSION ""
| #define PACKAGE_STRING ""
| #define PACKAGE_BUGREPORT ""
| #define PACKAGE "taglib"
| #define VERSION "1.6.3"
| #define KDELIBSUFF ""
| #define STDC_HEADERS 1
| #define HAVE_SYS_TYPES_H 1
| #define HAVE_SYS_STAT_H 1
| #define HAVE_STDLIB_H 1
| #define HAVE_STRING_H 1
| #define HAVE_MEMORY_H 1
| #define HAVE_STRINGS_H 1
| #define HAVE_INTTYPES_H 1
| #define HAVE_STDINT_H 1
| #define HAVE_UNISTD_H 1
| #define HAVE_DLFCN_H 1
| /* end confdefs.h.  */
| /* Define shl_load to an innocuous variant, in case <limits.h> declares shl_load.
|    For example, HP-UX 11i <limits.h> declares gettimeofday.  */
| #define shl_load innocuous_shl_load
| 
| /* System header to define __stub macros and hopefully few prototypes,
|     which can conflict with char shl_load (); below.
|     Prefer <limits.h> to <assert.h> if __STDC__ is defined, since
|     <limits.h> exists even on freestanding compilers.  */
| 
| #ifdef __STDC__
| # include <limits.h>
| #else
| # include <assert.h>
| #endif
| 
| #undef shl_load
| 
| /* Override any GCC internal prototype to avoid an error.
|    Use char because int might match the return type of a GCC
|    builtin and then its argument prototype would still apply.  */
| #ifdef __cplusplus
| extern "C"
| #endif
| char shl_load ();
| /* The GNU C library defines this for functions which it implements
|     to always fail with ENOSYS.  Some functions are actually named
|     something starting with __ and the normal name is an alias.  */
| #if defined __stub_shl_load || defined __stub___shl_load
| choke me
| #endif
| 
| int
| main ()
| {
| return shl_load ();
|   ;
|   return 0;
| }
configure:12075: result: no
configure:12080: checking for shl_load in -ldld
configure:12115: gcc -o conftest -std=iso9899:1990 -W -Wall -Wchar-subscripts -Wshadow -Wpointer-arith -Wmissing-prototypes -Wwrite-strings -D_XOPEN_SOURCE=500 -D_BSD_SOURCE -O2   -Wformat-security -Wmissing-format-attribute   conftest.c -ldld   >&5
/usr/bin/ld: cannot find -ldld
collect2: ld returned 1 exit status
configure:12122: $? = 1
configure: failed program was:
| /* confdefs.h.  */
| #define PACKAGE_NAME ""
| #define PACKAGE_TARNAME ""
| #define PACKAGE_VERSION ""
| #define PACKAGE_STRING ""
| #define PACKAGE_BUGREPORT ""
| #define PACKAGE "taglib"
| #define VERSION "1.6.3"
| #define KDELIBSUFF ""
| #define STDC_HEADERS 1
| #define HAVE_SYS_TYPES_H 1
| #define HAVE_SYS_STAT_H 1
| #define HAVE_STDLIB_H 1
| #define HAVE_STRING_H 1
| #define HAVE_MEMORY_H 1
| #define HAVE_STRINGS_H 1
| #define HAVE_INTTYPES_H 1
| #define HAVE_STDINT_H 1
| #define HAVE_UNISTD_H 1
| #define HAVE_DLFCN_H 1
| /* end confdefs.h.  */
| 
| /* Override any GCC internal prototype to avoid an error.
|    Use char because int might match the return type of a GCC
|    builtin and then its argument prototype would still apply.  */
| #ifdef __cplusplus
| extern "C"
| #endif
| char shl_load ();
| int
| main ()
| {
| return shl_load ();
|   ;
|   return 0;
| }
configure:12143: result: no
configure:12148: checking for dlopen
configure:12204: gcc -o conftest -std=iso9899:1990 -W -Wall -Wchar-subscripts -Wshadow -Wpointer-arith -Wmissing-prototypes -Wwrite-strings -D_XOPEN_SOURCE=500 -D_BSD_SOURCE -O2   -Wformat-security -Wmissing-format-attribute   conftest.c  >&5
/tmp/ccAAj6vI.o: In function `main':
conftest.c:(.text+0x7): undefined reference to `dlopen'
collect2: ld returned 1 exit status
configure:12211: $? = 1
configure: failed program was:
| /* confdefs.h.  */
| #define PACKAGE_NAME ""
| #define PACKAGE_TARNAME ""
| #define PACKAGE_VERSION ""
| #define PACKAGE_STRING ""
| #define PACKAGE_BUGREPORT ""
| #define PACKAGE "taglib"
| #define VERSION "1.6.3"
| #define KDELIBSUFF ""
| #define STDC_HEADERS 1
| #define HAVE_SYS_TYPES_H 1
| #define HAVE_SYS_STAT_H 1
| #define HAVE_STDLIB_H 1
| #define HAVE_STRING_H 1
| #define HAVE_MEMORY_H 1
| #define HAVE_STRINGS_H 1
| #define HAVE_INTTYPES_H 1
| #define HAVE_STDINT_H 1
| #define HAVE_UNISTD_H 1
| #define HAVE_DLFCN_H 1
| /* end confdefs.h.  */
| /* Define dlopen to an innocuous variant, in case <limits.h> declares dlopen.
|    For example, HP-UX 11i <limits.h> declares gettimeofday.  */
| #define dlopen innocuous_dlopen
| 
| /* System header to define __stub macros and hopefully few prototypes,
|     which can conflict with char dlopen (); below.
|     Prefer <limits.h> to <assert.h> if __STDC__ is defined, since
|     <limits.h> exists even on freestanding compilers.  */
| 
| #ifdef __STDC__
| # include <limits.h>
| #else
| # include <assert.h>
| #endif
| 
| #undef dlopen
| 
| /* Override any GCC internal prototype to avoid an error.
|    Use char because int might match the return type of a GCC
|    builtin and then its argument prototype would still apply.  */
| #ifdef __cplusplus
| extern "C"
| #endif
| char dlopen ();
| /* The GNU C library defines this for functions which it implements
|     to always fail with ENOSYS.  Some functions are actually named
|     something starting with __ and the normal name is an alias.  */
| #if defined __stub_dlopen || defined __stub___dlopen
| choke me
| #endif
| 
| int
| main ()
| {
| return dlopen ();
|   ;
|   return 0;
| }
configure:12231: result: no
configure:12236: checking for dlopen in -ldl
configure:12271: gcc -o conftest -std=iso9899:1990 -W -Wall -Wchar-subscripts -Wshadow -Wpointer-arith -Wmissing-prototypes -Wwrite-strings -D_XOPEN_SOURCE=500 -D_BSD_SOURCE -O2   -Wformat-security -Wmissing-format-attribute   conftest.c -ldl   >&5
configure:12278: $? = 0
configure:12299: result: yes
configure:12476: checking whether a program can dlopen itself
configure:12548: gcc -o conftest -std=iso9899:1990 -W -Wall -Wchar-subscripts -Wshadow -Wpointer-arith -Wmissing-prototypes -Wwrite-strings -D_XOPEN_SOURCE=500 -D_BSD_SOURCE -O2   -Wformat-security -Wmissing-format-attribute  -DHAVE_DLFCN_H  --export-dynamic conftest.c -ldl  >&5
cc1: error: unrecognized command line option "-fexport-dynamic"
configure:12551: $? = 1
configure:12569: result: no
configure:12690: checking if libtool supports shared libraries
configure:12692: result: yes
configure:12695: checking whether to build shared libraries
configure:12753: result: no
configure:12756: checking whether to build static libraries
configure:12760: result: yes
configure:12851: creating libtool
configure:13395: checking for ld used by g++
configure:13462: result: /usr/bin/ld
configure:13471: checking if the linker (/usr/bin/ld) is GNU ld
configure:13486: result: yes
configure:13537: checking whether the g++ linker (/usr/bin/ld) supports shared libraries
configure:14355: result: yes
configure:14377: g++ -c -Wno-long-long -Wundef -ansi -D_XOPEN_SOURCE=500 -D_BSD_SOURCE -Wcast-align -Wchar-subscripts -Wall -W -Wpointer-arith -O2 -Wformat-security -Wmissing-format-attribute -Wno-non-virtual-dtor -fno-exceptions -fno-check-new -fno-common -fexceptions  conftest.cc >&5
configure:14380: $? = 0
configure:14476: checking for g++ option to produce PIC
configure:14728: result: -fPIC
configure:14736: checking if g++ PIC flag -fPIC works
configure:14754: g++ -c -Wno-long-long -Wundef -ansi -D_XOPEN_SOURCE=500 -D_BSD_SOURCE -Wcast-align -Wchar-subscripts -Wall -W -Wpointer-arith -O2 -Wformat-security -Wmissing-format-attribute -Wno-non-virtual-dtor -fno-exceptions -fno-check-new -fno-common -fexceptions  -fPIC -DPIC conftest.cc >&5
configure:14758: $? = 0
configure:14769: result: yes
configure:14793: checking if g++ supports -c -o file.o
configure:14821: g++ -c -Wno-long-long -Wundef -ansi -D_XOPEN_SOURCE=500 -D_BSD_SOURCE -Wcast-align -Wchar-subscripts -Wall -W -Wpointer-arith -O2 -Wformat-security -Wmissing-format-attribute -Wno-non-virtual-dtor -fno-exceptions -fno-check-new -fno-common -fexceptions  -o out/conftest2.o conftest.cc >&5
configure:14825: $? = 0
configure:14842: result: yes
configure:14868: checking whether the g++ linker (/usr/bin/ld) supports shared libraries
configure:14893: result: yes
configure:14964: checking dynamic linker characteristics
configure:15482: result: GNU/Linux ld.so
configure:15486: checking how to hardcode library paths into programs
configure:15511: result: immediate
configure:15525: checking whether stripping libraries is possible
configure:15530: result: yes
configure:15657: checking for shl_load
configure:15740: result: no
configure:15745: checking for shl_load in -ldld
configure:15808: result: no
configure:15813: checking for dlopen
configure:15896: result: no
configure:15901: checking for dlopen in -ldl
configure:15964: result: yes
configure:16141: checking whether a program can dlopen itself
configure:16234: result: no
configure:22695: checking zlib.h usability
configure:22712: gcc -c -std=iso9899:1990 -W -Wall -Wchar-subscripts -Wshadow -Wpointer-arith -Wmissing-prototypes -Wwrite-strings -D_XOPEN_SOURCE=500 -D_BSD_SOURCE -O2   -Wformat-security -Wmissing-format-attribute  conftest.c >&5
configure:22719: $? = 0
configure:22733: result: yes
configure:22737: checking zlib.h presence
configure:22752: gcc -E  conftest.c
configure:22759: $? = 0
configure:22773: result: yes
configure:22801: checking for zlib.h
configure:22808: result: yes
configure:22901: checking cppunit/extensions/HelperMacros.h usability
configure:22918: g++ -c -Wno-long-long -Wundef -ansi -D_XOPEN_SOURCE=500 -D_BSD_SOURCE -Wcast-align -Wchar-subscripts -Wall -W -Wpointer-arith -O2 -Wformat-security -Wmissing-format-attribute -Wno-non-virtual-dtor -fno-exceptions -fno-check-new -fno-common -fexceptions  conftest.cpp >&5
conftest.cpp:56:45: fatal error: cppunit/extensions/HelperMacros.h: No such file or directory
compilation terminated.
configure:22925: $? = 1
configure: failed program was:
| /* confdefs.h.  */
| #define PACKAGE_NAME ""
| #define PACKAGE_TARNAME ""
| #define PACKAGE_VERSION ""
| #define PACKAGE_STRING ""
| #define PACKAGE_BUGREPORT ""
| #define PACKAGE "taglib"
| #define VERSION "1.6.3"
| #define KDELIBSUFF ""
| #define STDC_HEADERS 1
| #define HAVE_SYS_TYPES_H 1
| #define HAVE_SYS_STAT_H 1
| #define HAVE_STDLIB_H 1
| #define HAVE_STRING_H 1
| #define HAVE_MEMORY_H 1
| #define HAVE_STRINGS_H 1
| #define HAVE_INTTYPES_H 1
| #define HAVE_STDINT_H 1
| #define HAVE_UNISTD_H 1
| #define HAVE_DLFCN_H 1
| #define HAVE_ZLIB 1
| /* end confdefs.h.  */
| #include <stdio.h>
| #ifdef HAVE_SYS_TYPES_H
| # include <sys/types.h>
| #endif
| #ifdef HAVE_SYS_STAT_H
| # include <sys/stat.h>
| #endif
| #ifdef STDC_HEADERS
| # include <stdlib.h>
| # include <stddef.h>
| #else
| # ifdef HAVE_STDLIB_H
| #  include <stdlib.h>
| # endif
| #endif
| #ifdef HAVE_STRING_H
| # if !defined STDC_HEADERS && defined HAVE_MEMORY_H
| #  include <memory.h>
| # endif
| # include <string.h>
| #endif
| #ifdef HAVE_STRINGS_H
| # include <strings.h>
| #endif
| #ifdef HAVE_INTTYPES_H
| # include <inttypes.h>
| #endif
| #ifdef HAVE_STDINT_H
| # include <stdint.h>
| #endif
| #ifdef HAVE_UNISTD_H
| # include <unistd.h>
| #endif
| #include <cppunit/extensions/HelperMacros.h>
configure:22939: result: no
configure:22943: checking cppunit/extensions/HelperMacros.h presence
configure:22958: g++ -E  conftest.cpp
conftest.cpp:23:45: fatal error: cppunit/extensions/HelperMacros.h: No such file or directory
compilation terminated.
configure:22965: $? = 1
configure: failed program was:
| /* confdefs.h.  */
| #define PACKAGE_NAME ""
| #define PACKAGE_TARNAME ""
| #define PACKAGE_VERSION ""
| #define PACKAGE_STRING ""
| #define PACKAGE_BUGREPORT ""
| #define PACKAGE "taglib"
| #define VERSION "1.6.3"
| #define KDELIBSUFF ""
| #define STDC_HEADERS 1
| #define HAVE_SYS_TYPES_H 1
| #define HAVE_SYS_STAT_H 1
| #define HAVE_STDLIB_H 1
| #define HAVE_STRING_H 1
| #define HAVE_MEMORY_H 1
| #define HAVE_STRINGS_H 1
| #define HAVE_INTTYPES_H 1
| #define HAVE_STDINT_H 1
| #define HAVE_UNISTD_H 1
| #define HAVE_DLFCN_H 1
| #define HAVE_ZLIB 1
| /* end confdefs.h.  */
| #include <cppunit/extensions/HelperMacros.h>
configure:22979: result: no
configure:23007: checking for cppunit/extensions/HelperMacros.h
configure:23014: result: no
configure:23075: checking if bindings should be compiled
configure:23087: result: yes
configure:23075: checking if examples should be compiled
configure:23087: result: yes
configure:23075: checking if taglib should be compiled
configure:23087: result: yes
configure:23075: checking if tests should be compiled
configure:23087: result: yes
configure:23300: creating ./config.status

## ---------------------- ##
## Running config.status. ##
## ---------------------- ##

This file was extended by config.status, which was
generated by GNU Autoconf 2.63.  Invocation command line was

  CONFIG_FILES    = 
  CONFIG_HEADERS  = 
  CONFIG_LINKS    = 
  CONFIG_COMMANDS = 
  $ ./config.status 

on myhost

config.status:859: creating Makefile
config.status:859: creating bindings/Makefile
config.status:859: creating bindings/c/Makefile
config.status:859: creating examples/Makefile
config.status:859: creating taglib/Makefile
config.status:859: creating taglib/ape/Makefile
config.status:859: creating taglib/asf/Makefile
config.status:859: creating taglib/flac/Makefile
config.status:859: creating taglib/mp4/Makefile
config.status:859: creating taglib/mpc/Makefile
config.status:859: creating taglib/mpeg/Makefile
config.status:859: creating taglib/mpeg/id3v1/Makefile
config.status:859: creating taglib/mpeg/id3v2/Makefile
config.status:859: creating taglib/mpeg/id3v2/frames/Makefile
config.status:859: creating taglib/ogg/Makefile
config.status:859: creating taglib/ogg/flac/Makefile
config.status:859: creating taglib/ogg/speex/Makefile
config.status:859: creating taglib/ogg/vorbis/Makefile
config.status:859: creating taglib/riff/Makefile
config.status:859: creating taglib/riff/aiff/Makefile
config.status:859: creating taglib/riff/wav/Makefile
config.status:859: creating taglib/toolkit/Makefile
config.status:859: creating taglib/trueaudio/Makefile
config.status:859: creating taglib/wavpack/Makefile
config.status:859: creating tests/Makefile
config.status:859: creating taglib-config
config.status:859: creating taglib.pc
config.status:859: creating bindings/c/taglib_c.pc
config.status:859: creating config.h
config.status:1081: config.h is unchanged
config.status:859: creating taglib/taglib_config.h
config.status:1081: taglib/taglib_config.h is unchanged
config.status:1133: executing depfiles commands

## ---------------- ##
## Cache variables. ##
## ---------------- ##

ac_cv_build=i686-pc-linux-gnu
ac_cv_c_compiler_gnu=yes
ac_cv_cxx_compiler_gnu=yes
ac_cv_env_CCC_set=
ac_cv_env_CCC_value=
ac_cv_env_CC_set=
ac_cv_env_CC_value=
ac_cv_env_CFLAGS_set=
ac_cv_env_CFLAGS_value=
ac_cv_env_CPPFLAGS_set=
ac_cv_env_CPPFLAGS_value=
ac_cv_env_CPP_set=
ac_cv_env_CPP_value=
ac_cv_env_CXXCPP_set=
ac_cv_env_CXXCPP_value=
ac_cv_env_CXXFLAGS_set=
ac_cv_env_CXXFLAGS_value=
ac_cv_env_CXX_set=
ac_cv_env_CXX_value=
ac_cv_env_F77_set=
ac_cv_env_F77_value=
ac_cv_env_FFLAGS_set=
ac_cv_env_FFLAGS_value=
ac_cv_env_LDFLAGS_set=
ac_cv_env_LDFLAGS_value=
ac_cv_env_LIBS_set=
ac_cv_env_LIBS_value=
ac_cv_env_build_alias_set=
ac_cv_env_build_alias_value=
ac_cv_env_host_alias_set=
ac_cv_env_host_alias_value=
ac_cv_env_target_alias_set=
ac_cv_env_target_alias_value=
ac_cv_f77_compiler_gnu=no
ac_cv_func_dlopen=no
ac_cv_func_shl_load=no
ac_cv_header_cppunit_extensions_HelperMacros_h=no
ac_cv_header_dlfcn_h=yes
ac_cv_header_inttypes_h=yes
ac_cv_header_memory_h=yes
ac_cv_header_stdc=yes
ac_cv_header_stdint_h=yes
ac_cv_header_stdlib_h=yes
ac_cv_header_string_h=yes
ac_cv_header_strings_h=yes
ac_cv_header_sys_stat_h=yes
ac_cv_header_sys_types_h=yes
ac_cv_header_unistd_h=yes
ac_cv_header_zlib_h=yes
ac_cv_host=i686-pc-linux-gnu
ac_cv_lib_dl_dlopen=yes
ac_cv_lib_dld_shl_load=no
ac_cv_objext=o
ac_cv_path_EGREP='/bin/grep -E'
ac_cv_path_GREP=/bin/grep
ac_cv_path_install='/bin/install -c'
ac_cv_path_mkdir=/bin/mkdir
ac_cv_prog_AWK=gawk
ac_cv_prog_CPP='gcc -E'
ac_cv_prog_CXXCPP='g++ -E'
ac_cv_prog_ac_ct_AR=ar
ac_cv_prog_ac_ct_CC=gcc
ac_cv_prog_ac_ct_CXX=g++
ac_cv_prog_ac_ct_RANLIB=ranlib
ac_cv_prog_ac_ct_STRIP=strip
ac_cv_prog_cc_c89=
ac_cv_prog_cc_g=yes
ac_cv_prog_cxx_g=yes
ac_cv_prog_f77_g=no
ac_cv_prog_make_make_set=yes
ac_cv_target=i686-pc-linux-gnu
am_cv_CC_dependencies_compiler_type=gcc3
am_cv_CXX_dependencies_compiler_type=gcc3
kde_cv_opt_noinline_match=irrelevant
kde_cv_prog_cc_Wmissing_format_attribute=yes
kde_cv_prog_cxx_O0=yes
kde_cv_prog_cxx_Wl___allow_shlib_undefined=yes
kde_cv_prog_cxx_Wl___no_undefined=yes
kde_cv_prog_cxx_Wmissing_format_attribute=yes
kde_cv_prog_cxx_Wno_long_long=yes
kde_cv_prog_cxx_Wno_non_virtual_dtor=yes
kde_cv_prog_cxx_Wundef=yes
kde_cv_prog_cxx_fexceptions=yes
kde_cv_prog_cxx_fno_check_new=yes
kde_cv_prog_cxx_fno_common=yes
kde_cv_prog_cxx_fno_exceptions=yes
kde_cv_prog_cxx_fno_reorder_blocks=yes
lt_cv_deplibs_check_method=pass_all
lt_cv_dlopen=dlopen
lt_cv_dlopen_libs=-ldl
lt_cv_dlopen_self=no
lt_cv_file_magic_cmd='$MAGIC_CMD'
lt_cv_file_magic_test_file='/lib/libc.so.6 /lib/libc-2.12.so'
lt_cv_ld_reload_flag=-r
lt_cv_objdir=.libs
lt_cv_path_LD=/usr/bin/ld
lt_cv_path_LDCXX=/usr/bin/ld
lt_cv_path_NM='/usr/bin/nm -B'
lt_cv_path_SED=/bin/sed
lt_cv_prog_compiler_c_o=yes
lt_cv_prog_compiler_c_o_CXX=yes
lt_cv_prog_compiler_rtti_exceptions=no
lt_cv_prog_gnu_ld=yes
lt_cv_prog_gnu_ldcxx=yes
lt_cv_sys_global_symbol_pipe='sed -n -e '\''s/^.*[ 	]\([ABCDGISTW][ABCDGISTW]*\)[ 	][ 	]*\(\)\([_A-Za-z][_A-Za-z0-9]*\)$/\1 \2\3 \3/p'\'''
lt_cv_sys_global_symbol_to_c_name_address='sed -n -e '\''s/^: \([^ ]*\) $/  {\"\1\", (lt_ptr) 0},/p'\'' -e '\''s/^[BCDEGRST] \([^ ]*\) \([^ ]*\)$/  {"\2", (lt_ptr) \&\2},/p'\'''
lt_cv_sys_global_symbol_to_cdecl='sed -n -e '\''s/^. .* \(.*\)$/extern int \1;/p'\'''
lt_cv_sys_max_cmd_len=32768
lt_lt_cv_prog_compiler_c_o='"yes"'
lt_lt_cv_prog_compiler_c_o_CXX='"yes"'
lt_lt_cv_sys_global_symbol_pipe='"sed -n -e '\''s/^.*[ 	]\\([ABCDGISTW][ABCDGISTW]*\\)[ 	][ 	]*\\(\\)\\([_A-Za-z][_A-Za-z0-9]*\\)\$/\\1 \\2\\3 \\3/p'\''"'
lt_lt_cv_sys_global_symbol_to_c_name_address='"sed -n -e '\''s/^: \\([^ ]*\\) \$/  {\\\"\\1\\\", (lt_ptr) 0},/p'\'' -e '\''s/^[BCDEGRST] \\([^ ]*\\) \\([^ ]*\\)\$/  {\"\\2\", (lt_ptr) \\&\\2},/p'\''"'
lt_lt_cv_sys_global_symbol_to_cdecl='"sed -n -e '\''s/^. .* \\(.*\\)\$/extern int \\1;/p'\''"'

## ----------------- ##
## Output variables. ##
## ----------------- ##

ACLOCAL='${SHELL} /home/smaniam/Downloads/mtags/lib/taglib/admin/missing --run aclocal-1.10'
AMDEPBACKSLASH='\'
AMDEP_FALSE='#'
AMDEP_TRUE=''
AMTAR='${SHELL} /home/smaniam/Downloads/mtags/lib/taglib/admin/missing --run tar'
AR='ar'
AUTOCONF='$(SHELL) $(top_srcdir)/admin/cvs.sh configure || touch configure'
AUTODIRS=''
AUTOHEADER='${SHELL} /home/smaniam/Downloads/mtags/lib/taglib/admin/missing --run autoheader'
AUTOMAKE='${SHELL} /home/smaniam/Downloads/mtags/lib/taglib/admin/missing --run automake-1.10'
AWK='gawk'
CC='gcc'
CCDEPMODE='depmode=gcc3'
CFLAGS='-std=iso9899:1990 -W -Wall -Wchar-subscripts -Wshadow -Wpointer-arith -Wmissing-prototypes -Wwrite-strings -D_XOPEN_SOURCE=500 -D_BSD_SOURCE -O2   -Wformat-security -Wmissing-format-attribute'
CONF_FILES=' $(top_srcdir)/configure.in.in $(top_srcdir)/./bindings/c/configure.in.in $(top_srcdir)/configure.in.bot'
CPP='gcc -E'
CPPFLAGS=''
CXX='g++'
CXXCPP='g++ -E'
CXXDEPMODE='depmode=gcc3'
CXXFLAGS='-Wno-long-long -Wundef -ansi -D_XOPEN_SOURCE=500 -D_BSD_SOURCE -Wcast-align -Wchar-subscripts -Wall -W -Wpointer-arith -O2 -Wformat-security -Wmissing-format-attribute -Wno-non-virtual-dtor -fno-exceptions -fno-check-new -fno-common -fexceptions'
CYGPATH_W='echo'
DEFS='-DHAVE_CONFIG_H'
DEPDIR='.deps'
ECHO='echo'
ECHO_C=''
ECHO_N='-n'
ECHO_T=''
EGREP='/bin/grep -E'
ENABLE_PERMISSIVE_FLAG='-fpermissive'
EXEEXT=''
F77=''
FFLAGS=''
GREP='/bin/grep'
HAVE_GCC_VISIBILITY='0'
INSTALL_DATA='${INSTALL} -m 644'
INSTALL_PROGRAM='${INSTALL} $(INSTALL_STRIP_FLAG)'
INSTALL_SCRIPT='${INSTALL}'
INSTALL_STRIP_PROGRAM='$(install_sh) -c -s'
KDE_CHECK_PLUGIN='$(KDE_PLUGIN) -rpath $(libdir)'
KDE_NO_UNDEFINED='-Wl,--no-undefined -Wl,--allow-shlib-undefined'
KDE_PLUGIN='-avoid-version -module -no-undefined $(KDE_NO_UNDEFINED) $(KDE_RPATH) $(KDE_MT_LDFLAGS)'
KDE_USE_CLOSURE_FALSE=''
KDE_USE_CLOSURE_TRUE='#'
KDE_USE_FINAL_FALSE=''
KDE_USE_FINAL_TRUE='#'
KDE_USE_NMCHECK_FALSE=''
KDE_USE_NMCHECK_TRUE='#'
LDFLAGS=''
LDFLAGS_AS_NEEDED=''
LDFLAGS_NEW_DTAGS=''
LIBOBJS=''
LIBS=''
LIBTOOL='$(SHELL) $(top_builddir)/libtool --silent'
LN_S='ln -s'
LTLIBOBJS=''
MAKEINFO='${SHELL} /home/smaniam/Downloads/mtags/lib/taglib/admin/missing --run makeinfo'
MKDIR_P='/bin/mkdir -p'
NOOPT_CFLAGS='-O0'
NOOPT_CXXFLAGS='-O0'
OBJEXT='o'
PACKAGE='taglib'
PACKAGE_BUGREPORT=''
PACKAGE_NAME=''
PACKAGE_STRING=''
PACKAGE_TARNAME=''
PACKAGE_VERSION=''
PATH_SEPARATOR=':'
RANLIB='ranlib'
SET_MAKE=''
SHELL='/bin/sh'
STRIP='strip'
TOPSUBDIRS=' bindings examples taglib tests'
USE_EXCEPTIONS='-fexceptions'
USE_RTTI=''
VERSION='1.6.3'
WOVERLOADED_VIRTUAL=''
ac_ct_CC='gcc'
ac_ct_CXX='g++'
ac_ct_F77=''
all_includes=' '
all_libraries=' '
am__fastdepCC_FALSE='#'
am__fastdepCC_TRUE=''
am__fastdepCXX_FALSE='#'
am__fastdepCXX_TRUE=''
am__include='include'
am__isrc=''
am__leading_dot='.'
am__quote=''
am__tar='${AMTAR} chof - "$$tardir"'
am__untar='${AMTAR} xf -'
bindir='${exec_prefix}/bin'
build='i686-pc-linux-gnu'
build_alias=''
build_cpu='i686'
build_os='linux-gnu'
build_tests_FALSE=''
build_tests_TRUE='#'
build_vendor='pc'
datadir='${datarootdir}'
datarootdir='${prefix}/share'
docdir='${datarootdir}/doc/${PACKAGE}'
dvidir='${docdir}'
exec_prefix='${prefix}'
host='i686-pc-linux-gnu'
host_alias=''
host_cpu='i686'
host_os='linux-gnu'
host_vendor='pc'
htmldir='${docdir}'
includedir='${prefix}/include'
infodir='${datarootdir}/info'
install_sh='$(SHELL) /home/smaniam/Downloads/mtags/lib/taglib/admin/install-sh'
libdir='${exec_prefix}/lib'
libexecdir='${exec_prefix}/libexec'
link_zlib_FALSE='#'
link_zlib_TRUE=''
localedir='${datarootdir}/locale'
localstatedir='${prefix}/var'
mandir='${datarootdir}/man'
mkdir_p='/bin/mkdir -p'
oldincludedir='/usr/include'
pdfdir='${docdir}'
prefix='/usr/local'
program_transform_name='s,x,x,'
psdir='${docdir}'
sbindir='${exec_prefix}/sbin'
sharedstatedir='${prefix}/com'
sysconfdir='${prefix}/etc'
target='i686-pc-linux-gnu'
target_alias=''
target_cpu='i686'
target_os='linux-gnu'
target_vendor='pc'
unsermake_enable_pch_FALSE=''
unsermake_enable_pch_TRUE='#'

## ----------- ##
## confdefs.h. ##
## ----------- ##

#define PACKAGE_NAME ""
#define PACKAGE_TARNAME ""
#define PACKAGE_VERSION ""
#define PACKAGE_STRING ""
#define PACKAGE_BUGREPORT ""
#define PACKAGE "taglib"
#define VERSION "1.6.3"
#define KDELIBSUFF ""
#define STDC_HEADERS 1
#define HAVE_SYS_TYPES_H 1
#define HAVE_SYS_STAT_H 1
#define HAVE_STDLIB_H 1
#define HAVE_STRING_H 1
#define HAVE_MEMORY_H 1
#define HAVE_STRINGS_H 1
#define HAVE_INTTYPES_H 1
#define HAVE_STDINT_H 1
#define HAVE_UNISTD_H 1
#define HAVE_DLFCN_H 1
#define HAVE_ZLIB 1
#define HAVE_CPPUNIT 0

configure: exit 0
